<?xml version="1.0" encoding="UTF-8"?>
<testsuite xmlns:xsi="http://www.w3.org/2001/XMLSchema-instance" xsi:noNamespaceSchemaLocation="https://maven.apache.org/surefire/maven-surefire-plugin/xsd/surefire-test-report-3.0.xsd" version="3.0" name="com.example.demo.DemoApplicationTests" time="3.748" tests="1" errors="0" skipped="0" failures="0">
  <properties>
    <property name="java.specification.version" value="23"/>
    <property name="sun.jnu.encoding" value="UTF-8"/>
    <property name="java.class.path" value="/Users/Jonathan/Desktop/demo 2/target/test-classes:/Users/Jonathan/Desktop/demo 2/target/classes:/Users/Jonathan/.m2/repository/io/jsonwebtoken/jjwt/0.9.1/jjwt-0.9.1.jar:/Users/Jonathan/.m2/repository/com/fasterxml/jackson/core/jackson-databind/2.17.2/jackson-databind-2.17.2.jar:/Users/Jonathan/.m2/repository/com/fasterxml/jackson/core/jackson-annotations/2.17.2/jackson-annotations-2.17.2.jar:/Users/Jonathan/.m2/repository/com/fasterxml/jackson/core/jackson-core/2.17.2/jackson-core-2.17.2.jar:/Users/Jonathan/.m2/repository/org/springframework/boot/spring-boot-starter-data-jpa/3.3.3/spring-boot-starter-data-jpa-3.3.3.jar:/Users/Jonathan/.m2/repository/org/springframework/boot/spring-boot-starter-aop/3.3.3/spring-boot-starter-aop-3.3.3.jar:/Users/Jonathan/.m2/repository/org/aspectj/aspectjweaver/1.9.22.1/aspectjweaver-1.9.22.1.jar:/Users/Jonathan/.m2/repository/org/springframework/boot/spring-boot-starter-jdbc/3.3.3/spring-boot-starter-jdbc-3.3.3.jar:/Users/Jonathan/.m2/repository/com/zaxxer/HikariCP/5.1.0/HikariCP-5.1.0.jar:/Users/Jonathan/.m2/repository/org/springframework/spring-jdbc/6.1.12/spring-jdbc-6.1.12.jar:/Users/Jonathan/.m2/repository/org/springframework/data/spring-data-jpa/3.3.3/spring-data-jpa-3.3.3.jar:/Users/Jonathan/.m2/repository/org/springframework/data/spring-data-commons/3.3.3/spring-data-commons-3.3.3.jar:/Users/Jonathan/.m2/repository/org/springframework/spring-orm/6.1.12/spring-orm-6.1.12.jar:/Users/Jonathan/.m2/repository/org/springframework/spring-context/6.1.12/spring-context-6.1.12.jar:/Users/Jonathan/.m2/repository/org/springframework/spring-tx/6.1.12/spring-tx-6.1.12.jar:/Users/Jonathan/.m2/repository/org/springframework/spring-beans/6.1.12/spring-beans-6.1.12.jar:/Users/Jonathan/.m2/repository/jakarta/annotation/jakarta.annotation-api/2.1.1/jakarta.annotation-api-2.1.1.jar:/Users/Jonathan/.m2/repository/org/springframework/spring-aspects/6.1.12/spring-aspects-6.1.12.jar:/Users/Jonathan/.m2/repository/org/hibernate/orm/hibernate-core/6.6.0.Final/hibernate-core-6.6.0.Final.jar:/Users/Jonathan/.m2/repository/jakarta/persistence/jakarta.persistence-api/3.1.0/jakarta.persistence-api-3.1.0.jar:/Users/Jonathan/.m2/repository/jakarta/transaction/jakarta.transaction-api/2.0.1/jakarta.transaction-api-2.0.1.jar:/Users/Jonathan/.m2/repository/org/jboss/logging/jboss-logging/3.5.3.Final/jboss-logging-3.5.3.Final.jar:/Users/Jonathan/.m2/repository/org/hibernate/common/hibernate-commons-annotations/7.0.1.Final/hibernate-commons-annotations-7.0.1.Final.jar:/Users/Jonathan/.m2/repository/io/smallrye/jandex/3.2.0/jandex-3.2.0.jar:/Users/Jonathan/.m2/repository/com/fasterxml/classmate/1.7.0/classmate-1.7.0.jar:/Users/Jonathan/.m2/repository/net/bytebuddy/byte-buddy/1.14.19/byte-buddy-1.14.19.jar:/Users/Jonathan/.m2/repository/jakarta/xml/bind/jakarta.xml.bind-api/4.0.2/jakarta.xml.bind-api-4.0.2.jar:/Users/Jonathan/.m2/repository/jakarta/activation/jakarta.activation-api/2.1.3/jakarta.activation-api-2.1.3.jar:/Users/Jonathan/.m2/repository/org/glassfish/jaxb/jaxb-runtime/4.0.5/jaxb-runtime-4.0.5.jar:/Users/Jonathan/.m2/repository/org/glassfish/jaxb/jaxb-core/4.0.5/jaxb-core-4.0.5.jar:/Users/Jonathan/.m2/repository/org/eclipse/angus/angus-activation/2.0.2/angus-activation-2.0.2.jar:/Users/Jonathan/.m2/repository/org/glassfish/jaxb/txw2/4.0.5/txw2-4.0.5.jar:/Users/Jonathan/.m2/repository/com/sun/istack/istack-commons-runtime/4.1.2/istack-commons-runtime-4.1.2.jar:/Users/Jonathan/.m2/repository/jakarta/inject/jakarta.inject-api/2.0.1/jakarta.inject-api-2.0.1.jar:/Users/Jonathan/.m2/repository/org/antlr/antlr4-runtime/4.13.0/antlr4-runtime-4.13.0.jar:/Users/Jonathan/.m2/repository/org/springframework/boot/spring-boot-starter-web/3.3.3/spring-boot-starter-web-3.3.3.jar:/Users/Jonathan/.m2/repository/org/springframework/boot/spring-boot-starter/3.3.3/spring-boot-starter-3.3.3.jar:/Users/Jonathan/.m2/repository/org/springframework/boot/spring-boot-starter-logging/3.3.3/spring-boot-starter-logging-3.3.3.jar:/Users/Jonathan/.m2/repository/ch/qos/logback/logback-classic/1.5.7/logback-classic-1.5.7.jar:/Users/Jonathan/.m2/repository/ch/qos/logback/logback-core/1.5.7/logback-core-1.5.7.jar:/Users/Jonathan/.m2/repository/org/apache/logging/log4j/log4j-to-slf4j/2.23.1/log4j-to-slf4j-2.23.1.jar:/Users/Jonathan/.m2/repository/org/apache/logging/log4j/log4j-api/2.23.1/log4j-api-2.23.1.jar:/Users/Jonathan/.m2/repository/org/slf4j/jul-to-slf4j/2.0.16/jul-to-slf4j-2.0.16.jar:/Users/Jonathan/.m2/repository/org/yaml/snakeyaml/2.2/snakeyaml-2.2.jar:/Users/Jonathan/.m2/repository/org/springframework/boot/spring-boot-starter-json/3.3.3/spring-boot-starter-json-3.3.3.jar:/Users/Jonathan/.m2/repository/com/fasterxml/jackson/datatype/jackson-datatype-jdk8/2.17.2/jackson-datatype-jdk8-2.17.2.jar:/Users/Jonathan/.m2/repository/com/fasterxml/jackson/datatype/jackson-datatype-jsr310/2.17.2/jackson-datatype-jsr310-2.17.2.jar:/Users/Jonathan/.m2/repository/com/fasterxml/jackson/module/jackson-module-parameter-names/2.17.2/jackson-module-parameter-names-2.17.2.jar:/Users/Jonathan/.m2/repository/org/springframework/boot/spring-boot-starter-tomcat/3.3.3/spring-boot-starter-tomcat-3.3.3.jar:/Users/Jonathan/.m2/repository/org/apache/tomcat/embed/tomcat-embed-core/10.1.28/tomcat-embed-core-10.1.28.jar:/Users/Jonathan/.m2/repository/org/apache/tomcat/embed/tomcat-embed-websocket/10.1.28/tomcat-embed-websocket-10.1.28.jar:/Users/Jonathan/.m2/repository/org/springframework/spring-web/6.1.12/spring-web-6.1.12.jar:/Users/Jonathan/.m2/repository/io/micrometer/micrometer-observation/1.13.3/micrometer-observation-1.13.3.jar:/Users/Jonathan/.m2/repository/io/micrometer/micrometer-commons/1.13.3/micrometer-commons-1.13.3.jar:/Users/Jonathan/.m2/repository/org/springframework/spring-webmvc/6.1.12/spring-webmvc-6.1.12.jar:/Users/Jonathan/.m2/repository/org/springframework/spring-expression/6.1.12/spring-expression-6.1.12.jar:/Users/Jonathan/.m2/repository/org/powermock/powermock-api-mockito2/2.0.9/powermock-api-mockito2-2.0.9.jar:/Users/Jonathan/.m2/repository/org/powermock/powermock-api-support/2.0.9/powermock-api-support-2.0.9.jar:/Users/Jonathan/.m2/repository/org/powermock/powermock-reflect/2.0.9/powermock-reflect-2.0.9.jar:/Users/Jonathan/.m2/repository/net/bytebuddy/byte-buddy-agent/1.14.19/byte-buddy-agent-1.14.19.jar:/Users/Jonathan/.m2/repository/org/powermock/powermock-core/2.0.9/powermock-core-2.0.9.jar:/Users/Jonathan/.m2/repository/org/javassist/javassist/3.27.0-GA/javassist-3.27.0-GA.jar:/Users/Jonathan/.m2/repository/org/mockito/mockito-core/5.11.0/mockito-core-5.11.0.jar:/Users/Jonathan/.m2/repository/org/objenesis/objenesis/3.3/objenesis-3.3.jar:/Users/Jonathan/.m2/repository/org/powermock/powermock-module-junit4/2.0.9/powermock-module-junit4-2.0.9.jar:/Users/Jonathan/.m2/repository/org/powermock/powermock-module-junit4-common/2.0.9/powermock-module-junit4-common-2.0.9.jar:/Users/Jonathan/.m2/repository/junit/junit/4.13.2/junit-4.13.2.jar:/Users/Jonathan/.m2/repository/org/hamcrest/hamcrest-core/2.2/hamcrest-core-2.2.jar:/Users/Jonathan/.m2/repository/com/google/firebase/firebase-admin/9.3.0/firebase-admin-9.3.0.jar:/Users/Jonathan/.m2/repository/com/google/api-client/google-api-client/2.6.0/google-api-client-2.6.0.jar:/Users/Jonathan/.m2/repository/commons-codec/commons-codec/1.16.1/commons-codec-1.16.1.jar:/Users/Jonathan/.m2/repository/com/google/oauth-client/google-oauth-client/1.36.0/google-oauth-client-1.36.0.jar:/Users/Jonathan/.m2/repository/com/google/auth/google-auth-library-credentials/1.24.1/google-auth-library-credentials-1.24.1.jar:/Users/Jonathan/.m2/repository/com/google/http-client/google-http-client-gson/1.44.2/google-http-client-gson-1.44.2.jar:/Users/Jonathan/.m2/repository/com/google/http-client/google-http-client-apache-v2/1.44.2/google-http-client-apache-v2-1.44.2.jar:/Users/Jonathan/.m2/repository/org/apache/httpcomponents/httpcore/4.4.16/httpcore-4.4.16.jar:/Users/Jonathan/.m2/repository/org/apache/httpcomponents/httpclient/4.5.14/httpclient-4.5.14.jar:/Users/Jonathan/.m2/repository/com/google/api-client/google-api-client-gson/2.6.0/google-api-client-gson-2.6.0.jar:/Users/Jonathan/.m2/repository/com/google/http-client/google-http-client/1.44.2/google-http-client-1.44.2.jar:/Users/Jonathan/.m2/repository/com/google/code/findbugs/jsr305/3.0.2/jsr305-3.0.2.jar:/Users/Jonathan/.m2/repository/com/google/errorprone/error_prone_annotations/2.23.0/error_prone_annotations-2.23.0.jar:/Users/Jonathan/.m2/repository/com/google/j2objc/j2objc-annotations/2.8/j2objc-annotations-2.8.jar:/Users/Jonathan/.m2/repository/io/grpc/grpc-context/1.66.0/grpc-context-1.66.0.jar:/Users/Jonathan/.m2/repository/io/opencensus/opencensus-api/0.31.1/opencensus-api-0.31.1.jar:/Users/Jonathan/.m2/repository/io/opencensus/opencensus-contrib-http-util/0.31.1/opencensus-contrib-http-util-0.31.1.jar:/Users/Jonathan/.m2/repository/com/google/api/api-common/2.35.0/api-common-2.35.0.jar:/Users/Jonathan/.m2/repository/com/google/auto/value/auto-value-annotations/1.11.0/auto-value-annotations-1.11.0.jar:/Users/Jonathan/.m2/repository/javax/annotation/javax.annotation-api/1.3.2/javax.annotation-api-1.3.2.jar:/Users/Jonathan/.m2/repository/com/google/auth/google-auth-library-oauth2-http/1.24.1/google-auth-library-oauth2-http-1.24.1.jar:/Users/Jonathan/.m2/repository/com/google/cloud/google-cloud-storage/2.42.0/google-cloud-storage-2.42.0.jar:/Users/Jonathan/.m2/repository/com/google/guava/failureaccess/1.0.2/failureaccess-1.0.2.jar:/Users/Jonathan/.m2/repository/com/google/guava/listenablefuture/9999.0-empty-to-avoid-conflict-with-guava/listenablefuture-9999.0-empty-to-avoid-conflict-with-guava.jar:/Users/Jonathan/.m2/repository/com/google/http-client/google-http-client-jackson2/1.44.2/google-http-client-jackson2-1.44.2.jar:/Users/Jonathan/.m2/repository/com/google/apis/google-api-services-storage/v1-rev20240706-2.0.0/google-api-services-storage-v1-rev20240706-2.0.0.jar:/Users/Jonathan/.m2/repository/com/google/code/gson/gson/2.10.1/gson-2.10.1.jar:/Users/Jonathan/.m2/repository/com/google/cloud/google-cloud-core/2.42.0/google-cloud-core-2.42.0.jar:/Users/Jonathan/.m2/repository/com/google/cloud/google-cloud-core-http/2.42.0/google-cloud-core-http-2.42.0.jar:/Users/Jonathan/.m2/repository/com/google/http-client/google-http-client-appengine/1.44.2/google-http-client-appengine-1.44.2.jar:/Users/Jonathan/.m2/repository/com/google/api/gax-httpjson/2.52.0/gax-httpjson-2.52.0.jar:/Users/Jonathan/.m2/repository/com/google/cloud/google-cloud-core-grpc/2.42.0/google-cloud-core-grpc-2.42.0.jar:/Users/Jonathan/.m2/repository/com/google/api/gax/2.52.0/gax-2.52.0.jar:/Users/Jonathan/.m2/repository/com/google/api/gax-grpc/2.52.0/gax-grpc-2.52.0.jar:/Users/Jonathan/.m2/repository/io/grpc/grpc-inprocess/1.66.0/grpc-inprocess-1.66.0.jar:/Users/Jonathan/.m2/repository/io/grpc/grpc-alts/1.66.0/grpc-alts-1.66.0.jar:/Users/Jonathan/.m2/repository/io/grpc/grpc-grpclb/1.66.0/grpc-grpclb-1.66.0.jar:/Users/Jonathan/.m2/repository/org/conscrypt/conscrypt-openjdk-uber/2.5.2/conscrypt-openjdk-uber-2.5.2.jar:/Users/Jonathan/.m2/repository/io/grpc/grpc-auth/1.66.0/grpc-auth-1.66.0.jar:/Users/Jonathan/.m2/repository/com/google/api/grpc/proto-google-iam-v1/1.38.0/proto-google-iam-v1-1.38.0.jar:/Users/Jonathan/.m2/repository/com/google/protobuf/protobuf-java/3.25.4/protobuf-java-3.25.4.jar:/Users/Jonathan/.m2/repository/com/google/protobuf/protobuf-java-util/3.25.4/protobuf-java-util-3.25.4.jar:/Users/Jonathan/.m2/repository/io/grpc/grpc-core/1.66.0/grpc-core-1.66.0.jar:/Users/Jonathan/.m2/repository/com/google/android/annotations/4.1.1.4/annotations-4.1.1.4.jar:/Users/Jonathan/.m2/repository/org/codehaus/mojo/animal-sniffer-annotations/1.24/animal-sniffer-annotations-1.24.jar:/Users/Jonathan/.m2/repository/io/perfmark/perfmark-api/0.27.0/perfmark-api-0.27.0.jar:/Users/Jonathan/.m2/repository/io/grpc/grpc-protobuf/1.66.0/grpc-protobuf-1.66.0.jar:/Users/Jonathan/.m2/repository/io/grpc/grpc-protobuf-lite/1.66.0/grpc-protobuf-lite-1.66.0.jar:/Users/Jonathan/.m2/repository/com/google/api/grpc/proto-google-common-protos/2.43.0/proto-google-common-protos-2.43.0.jar:/Users/Jonathan/.m2/repository/org/threeten/threetenbp/1.6.9/threetenbp-1.6.9.jar:/Users/Jonathan/.m2/repository/com/google/api/grpc/proto-google-cloud-storage-v2/2.42.0-alpha/proto-google-cloud-storage-v2-2.42.0-alpha.jar:/Users/Jonathan/.m2/repository/com/google/api/grpc/grpc-google-cloud-storage-v2/2.42.0-alpha/grpc-google-cloud-storage-v2-2.42.0-alpha.jar:/Users/Jonathan/.m2/repository/com/google/api/grpc/gapic-google-cloud-storage-v2/2.42.0-alpha/gapic-google-cloud-storage-v2-2.42.0-alpha.jar:/Users/Jonathan/.m2/repository/io/opentelemetry/opentelemetry-sdk/1.37.0/opentelemetry-sdk-1.37.0.jar:/Users/Jonathan/.m2/repository/io/opentelemetry/opentelemetry-sdk-trace/1.37.0/opentelemetry-sdk-trace-1.37.0.jar:/Users/Jonathan/.m2/repository/io/opentelemetry/opentelemetry-sdk-logs/1.37.0/opentelemetry-sdk-logs-1.37.0.jar:/Users/Jonathan/.m2/repository/io/grpc/grpc-opentelemetry/1.66.0/grpc-opentelemetry-1.66.0.jar:/Users/Jonathan/.m2/repository/io/opentelemetry/opentelemetry-api/1.41.0/opentelemetry-api-1.41.0.jar:/Users/Jonathan/.m2/repository/io/opentelemetry/opentelemetry-context/1.37.0/opentelemetry-context-1.37.0.jar:/Users/Jonathan/.m2/repository/io/opentelemetry/opentelemetry-sdk-metrics/1.37.0/opentelemetry-sdk-metrics-1.37.0.jar:/Users/Jonathan/.m2/repository/io/opentelemetry/opentelemetry-api-incubator/1.41.0-alpha/opentelemetry-api-incubator-1.41.0-alpha.jar:/Users/Jonathan/.m2/repository/io/opentelemetry/opentelemetry-sdk-common/1.37.0/opentelemetry-sdk-common-1.37.0.jar:/Users/Jonathan/.m2/repository/io/opentelemetry/opentelemetry-sdk-extension-autoconfigure-spi/1.37.0/opentelemetry-sdk-extension-autoconfigure-spi-1.37.0.jar:/Users/Jonathan/.m2/repository/io/opentelemetry/semconv/opentelemetry-semconv/1.25.0-alpha/opentelemetry-semconv-1.25.0-alpha.jar:/Users/Jonathan/.m2/repository/com/google/cloud/opentelemetry/exporter-metrics/0.31.0/exporter-metrics-0.31.0.jar:/Users/Jonathan/.m2/repository/com/google/cloud/google-cloud-monitoring/3.49.0/google-cloud-monitoring-3.49.0.jar:/Users/Jonathan/.m2/repository/com/google/api/grpc/proto-google-cloud-monitoring-v3/3.49.0/proto-google-cloud-monitoring-v3-3.49.0.jar:/Users/Jonathan/.m2/repository/io/opencensus/opencensus-proto/0.2.0/opencensus-proto-0.2.0.jar:/Users/Jonathan/.m2/repository/commons-logging/commons-logging/1.2/commons-logging-1.2.jar:/Users/Jonathan/.m2/repository/com/google/cloud/opentelemetry/shared-resourcemapping/0.31.0/shared-resourcemapping-0.31.0.jar:/Users/Jonathan/.m2/repository/io/opentelemetry/contrib/opentelemetry-gcp-resources/1.37.0-alpha/opentelemetry-gcp-resources-1.37.0-alpha.jar:/Users/Jonathan/.m2/repository/com/google/cloud/opentelemetry/detector-resources-support/0.31.0/detector-resources-support-0.31.0.jar:/Users/Jonathan/.m2/repository/org/checkerframework/checker-qual/3.46.0/checker-qual-3.46.0.jar:/Users/Jonathan/.m2/repository/io/grpc/grpc-api/1.66.0/grpc-api-1.66.0.jar:/Users/Jonathan/.m2/repository/io/grpc/grpc-netty-shaded/1.66.0/grpc-netty-shaded-1.66.0.jar:/Users/Jonathan/.m2/repository/io/grpc/grpc-util/1.66.0/grpc-util-1.66.0.jar:/Users/Jonathan/.m2/repository/io/grpc/grpc-stub/1.66.0/grpc-stub-1.66.0.jar:/Users/Jonathan/.m2/repository/io/grpc/grpc-googleapis/1.66.0/grpc-googleapis-1.66.0.jar:/Users/Jonathan/.m2/repository/io/grpc/grpc-xds/1.66.0/grpc-xds-1.66.0.jar:/Users/Jonathan/.m2/repository/io/grpc/grpc-services/1.66.0/grpc-services-1.66.0.jar:/Users/Jonathan/.m2/repository/com/google/re2j/re2j/1.7/re2j-1.7.jar:/Users/Jonathan/.m2/repository/io/grpc/grpc-rls/1.66.0/grpc-rls-1.66.0.jar:/Users/Jonathan/.m2/repository/com/google/cloud/google-cloud-firestore/3.25.1/google-cloud-firestore-3.25.1.jar:/Users/Jonathan/.m2/repository/com/google/api/grpc/proto-google-cloud-firestore-v1/3.25.1/proto-google-cloud-firestore-v1-3.25.1.jar:/Users/Jonathan/.m2/repository/com/google/cloud/proto-google-cloud-firestore-bundle-v1/3.25.1/proto-google-cloud-firestore-bundle-v1-3.25.1.jar:/Users/Jonathan/.m2/repository/io/opentelemetry/instrumentation/opentelemetry-grpc-1.6/2.1.0-alpha/opentelemetry-grpc-1.6-2.1.0-alpha.jar:/Users/Jonathan/.m2/repository/io/opentelemetry/instrumentation/opentelemetry-instrumentation-api/2.1.0/opentelemetry-instrumentation-api-2.1.0.jar:/Users/Jonathan/.m2/repository/io/opentelemetry/opentelemetry-extension-incubator/1.35.0-alpha/opentelemetry-extension-incubator-1.35.0-alpha.jar:/Users/Jonathan/.m2/repository/io/opentelemetry/instrumentation/opentelemetry-instrumentation-api-incubator/2.1.0-alpha/opentelemetry-instrumentation-api-incubator-2.1.0-alpha.jar:/Users/Jonathan/.m2/repository/com/google/guava/guava/33.2.1-jre/guava-33.2.1-jre.jar:/Users/Jonathan/.m2/repository/org/slf4j/slf4j-api/2.0.16/slf4j-api-2.0.16.jar:/Users/Jonathan/.m2/repository/io/netty/netty-codec-http/4.1.112.Final/netty-codec-http-4.1.112.Final.jar:/Users/Jonathan/.m2/repository/io/netty/netty-common/4.1.112.Final/netty-common-4.1.112.Final.jar:/Users/Jonathan/.m2/repository/io/netty/netty-buffer/4.1.112.Final/netty-buffer-4.1.112.Final.jar:/Users/Jonathan/.m2/repository/io/netty/netty-codec/4.1.112.Final/netty-codec-4.1.112.Final.jar:/Users/Jonathan/.m2/repository/io/netty/netty-handler/4.1.112.Final/netty-handler-4.1.112.Final.jar:/Users/Jonathan/.m2/repository/io/netty/netty-resolver/4.1.112.Final/netty-resolver-4.1.112.Final.jar:/Users/Jonathan/.m2/repository/io/netty/netty-transport-native-unix-common/4.1.112.Final/netty-transport-native-unix-common-4.1.112.Final.jar:/Users/Jonathan/.m2/repository/io/netty/netty-transport/4.1.112.Final/netty-transport-4.1.112.Final.jar:/Users/Jonathan/.m2/repository/org/springframework/boot/spring-boot-devtools/3.3.3/spring-boot-devtools-3.3.3.jar:/Users/Jonathan/.m2/repository/org/springframework/boot/spring-boot/3.3.3/spring-boot-3.3.3.jar:/Users/Jonathan/.m2/repository/org/springframework/boot/spring-boot-autoconfigure/3.3.3/spring-boot-autoconfigure-3.3.3.jar:/Users/Jonathan/.m2/repository/com/mysql/mysql-connector-j/8.3.0/mysql-connector-j-8.3.0.jar:/Users/Jonathan/.m2/repository/org/springframework/boot/spring-boot-starter-validation/3.3.3/spring-boot-starter-validation-3.3.3.jar:/Users/Jonathan/.m2/repository/org/apache/tomcat/embed/tomcat-embed-el/10.1.28/tomcat-embed-el-10.1.28.jar:/Users/Jonathan/.m2/repository/org/hibernate/validator/hibernate-validator/8.0.1.Final/hibernate-validator-8.0.1.Final.jar:/Users/Jonathan/.m2/repository/jakarta/validation/jakarta.validation-api/3.0.2/jakarta.validation-api-3.0.2.jar:/Users/Jonathan/.m2/repository/org/projectlombok/lombok/1.18.34/lombok-1.18.34.jar:/Users/Jonathan/.m2/repository/org/springframework/boot/spring-boot-starter-test/3.3.3/spring-boot-starter-test-3.3.3.jar:/Users/Jonathan/.m2/repository/org/springframework/boot/spring-boot-test/3.3.3/spring-boot-test-3.3.3.jar:/Users/Jonathan/.m2/repository/org/springframework/boot/spring-boot-test-autoconfigure/3.3.3/spring-boot-test-autoconfigure-3.3.3.jar:/Users/Jonathan/.m2/repository/com/jayway/jsonpath/json-path/2.9.0/json-path-2.9.0.jar:/Users/Jonathan/.m2/repository/net/minidev/json-smart/2.5.1/json-smart-2.5.1.jar:/Users/Jonathan/.m2/repository/net/minidev/accessors-smart/2.5.1/accessors-smart-2.5.1.jar:/Users/Jonathan/.m2/repository/org/ow2/asm/asm/9.6/asm-9.6.jar:/Users/Jonathan/.m2/repository/org/assertj/assertj-core/3.25.3/assertj-core-3.25.3.jar:/Users/Jonathan/.m2/repository/org/awaitility/awaitility/4.2.2/awaitility-4.2.2.jar:/Users/Jonathan/.m2/repository/org/hamcrest/hamcrest/2.2/hamcrest-2.2.jar:/Users/Jonathan/.m2/repository/org/junit/jupiter/junit-jupiter/5.10.3/junit-jupiter-5.10.3.jar:/Users/Jonathan/.m2/repository/org/junit/jupiter/junit-jupiter-api/5.10.3/junit-jupiter-api-5.10.3.jar:/Users/Jonathan/.m2/repository/org/opentest4j/opentest4j/1.3.0/opentest4j-1.3.0.jar:/Users/Jonathan/.m2/repository/org/junit/platform/junit-platform-commons/1.10.3/junit-platform-commons-1.10.3.jar:/Users/Jonathan/.m2/repository/org/apiguardian/apiguardian-api/1.1.2/apiguardian-api-1.1.2.jar:/Users/Jonathan/.m2/repository/org/junit/jupiter/junit-jupiter-params/5.10.3/junit-jupiter-params-5.10.3.jar:/Users/Jonathan/.m2/repository/org/junit/jupiter/junit-jupiter-engine/5.10.3/junit-jupiter-engine-5.10.3.jar:/Users/Jonathan/.m2/repository/org/junit/platform/junit-platform-engine/1.10.3/junit-platform-engine-1.10.3.jar:/Users/Jonathan/.m2/repository/org/mockito/mockito-junit-jupiter/5.11.0/mockito-junit-jupiter-5.11.0.jar:/Users/Jonathan/.m2/repository/org/skyscreamer/jsonassert/1.5.3/jsonassert-1.5.3.jar:/Users/Jonathan/.m2/repository/com/vaadin/external/google/android-json/0.0.20131108.vaadin1/android-json-0.0.20131108.vaadin1.jar:/Users/Jonathan/.m2/repository/org/springframework/spring-core/6.1.12/spring-core-6.1.12.jar:/Users/Jonathan/.m2/repository/org/springframework/spring-jcl/6.1.12/spring-jcl-6.1.12.jar:/Users/Jonathan/.m2/repository/org/springframework/spring-test/6.1.12/spring-test-6.1.12.jar:/Users/Jonathan/.m2/repository/org/xmlunit/xmlunit-core/2.9.1/xmlunit-core-2.9.1.jar:/Users/Jonathan/.m2/repository/org/springframework/boot/spring-boot-starter-security/3.3.3/spring-boot-starter-security-3.3.3.jar:/Users/Jonathan/.m2/repository/org/springframework/spring-aop/6.1.12/spring-aop-6.1.12.jar:/Users/Jonathan/.m2/repository/org/springframework/security/spring-security-config/6.3.3/spring-security-config-6.3.3.jar:/Users/Jonathan/.m2/repository/org/springframework/security/spring-security-core/6.3.3/spring-security-core-6.3.3.jar:/Users/Jonathan/.m2/repository/org/springframework/security/spring-security-crypto/6.3.3/spring-security-crypto-6.3.3.jar:/Users/Jonathan/.m2/repository/org/springframework/security/spring-security-web/6.3.3/spring-security-web-6.3.3.jar:"/>
    <property name="java.vm.vendor" value="Homebrew"/>
    <property name="sun.arch.data.model" value="64"/>
    <property name="java.vendor.url" value="https://github.com/Homebrew/homebrew-core/issues"/>
    <property name="user.timezone" value="America/New_York"/>
    <property name="org.jboss.logging.provider" value="slf4j"/>
    <property name="os.name" value="Mac OS X"/>
    <property name="java.vm.specification.version" value="23"/>
    <property name="sun.java.launcher" value="SUN_STANDARD"/>
    <property name="user.country" value="US"/>
    <property name="sun.boot.library.path" value="/opt/homebrew/Cellar/openjdk/23/libexec/openjdk.jdk/Contents/Home/lib"/>
    <property name="sun.java.command" value="/Users/Jonathan/Desktop/demo 2/target/surefire/surefirebooter-20240926200103387_3.jar /Users/Jonathan/Desktop/demo 2/target/surefire 2024-09-26T20-01-03_349-jvmRun1 surefire-20240926200103387_1tmp surefire_0-20240926200103387_2tmp"/>
    <property name="http.nonProxyHosts" value="local|*.local|169.254/16|*.169.254/16"/>
    <property name="jdk.debug" value="release"/>
    <property name="surefire.test.class.path" value="/Users/Jonathan/Desktop/demo 2/target/test-classes:/Users/Jonathan/Desktop/demo 2/target/classes:/Users/Jonathan/.m2/repository/io/jsonwebtoken/jjwt/0.9.1/jjwt-0.9.1.jar:/Users/Jonathan/.m2/repository/com/fasterxml/jackson/core/jackson-databind/2.17.2/jackson-databind-2.17.2.jar:/Users/Jonathan/.m2/repository/com/fasterxml/jackson/core/jackson-annotations/2.17.2/jackson-annotations-2.17.2.jar:/Users/Jonathan/.m2/repository/com/fasterxml/jackson/core/jackson-core/2.17.2/jackson-core-2.17.2.jar:/Users/Jonathan/.m2/repository/org/springframework/boot/spring-boot-starter-data-jpa/3.3.3/spring-boot-starter-data-jpa-3.3.3.jar:/Users/Jonathan/.m2/repository/org/springframework/boot/spring-boot-starter-aop/3.3.3/spring-boot-starter-aop-3.3.3.jar:/Users/Jonathan/.m2/repository/org/aspectj/aspectjweaver/1.9.22.1/aspectjweaver-1.9.22.1.jar:/Users/Jonathan/.m2/repository/org/springframework/boot/spring-boot-starter-jdbc/3.3.3/spring-boot-starter-jdbc-3.3.3.jar:/Users/Jonathan/.m2/repository/com/zaxxer/HikariCP/5.1.0/HikariCP-5.1.0.jar:/Users/Jonathan/.m2/repository/org/springframework/spring-jdbc/6.1.12/spring-jdbc-6.1.12.jar:/Users/Jonathan/.m2/repository/org/springframework/data/spring-data-jpa/3.3.3/spring-data-jpa-3.3.3.jar:/Users/Jonathan/.m2/repository/org/springframework/data/spring-data-commons/3.3.3/spring-data-commons-3.3.3.jar:/Users/Jonathan/.m2/repository/org/springframework/spring-orm/6.1.12/spring-orm-6.1.12.jar:/Users/Jonathan/.m2/repository/org/springframework/spring-context/6.1.12/spring-context-6.1.12.jar:/Users/Jonathan/.m2/repository/org/springframework/spring-tx/6.1.12/spring-tx-6.1.12.jar:/Users/Jonathan/.m2/repository/org/springframework/spring-beans/6.1.12/spring-beans-6.1.12.jar:/Users/Jonathan/.m2/repository/jakarta/annotation/jakarta.annotation-api/2.1.1/jakarta.annotation-api-2.1.1.jar:/Users/Jonathan/.m2/repository/org/springframework/spring-aspects/6.1.12/spring-aspects-6.1.12.jar:/Users/Jonathan/.m2/repository/org/hibernate/orm/hibernate-core/6.6.0.Final/hibernate-core-6.6.0.Final.jar:/Users/Jonathan/.m2/repository/jakarta/persistence/jakarta.persistence-api/3.1.0/jakarta.persistence-api-3.1.0.jar:/Users/Jonathan/.m2/repository/jakarta/transaction/jakarta.transaction-api/2.0.1/jakarta.transaction-api-2.0.1.jar:/Users/Jonathan/.m2/repository/org/jboss/logging/jboss-logging/3.5.3.Final/jboss-logging-3.5.3.Final.jar:/Users/Jonathan/.m2/repository/org/hibernate/common/hibernate-commons-annotations/7.0.1.Final/hibernate-commons-annotations-7.0.1.Final.jar:/Users/Jonathan/.m2/repository/io/smallrye/jandex/3.2.0/jandex-3.2.0.jar:/Users/Jonathan/.m2/repository/com/fasterxml/classmate/1.7.0/classmate-1.7.0.jar:/Users/Jonathan/.m2/repository/net/bytebuddy/byte-buddy/1.14.19/byte-buddy-1.14.19.jar:/Users/Jonathan/.m2/repository/jakarta/xml/bind/jakarta.xml.bind-api/4.0.2/jakarta.xml.bind-api-4.0.2.jar:/Users/Jonathan/.m2/repository/jakarta/activation/jakarta.activation-api/2.1.3/jakarta.activation-api-2.1.3.jar:/Users/Jonathan/.m2/repository/org/glassfish/jaxb/jaxb-runtime/4.0.5/jaxb-runtime-4.0.5.jar:/Users/Jonathan/.m2/repository/org/glassfish/jaxb/jaxb-core/4.0.5/jaxb-core-4.0.5.jar:/Users/Jonathan/.m2/repository/org/eclipse/angus/angus-activation/2.0.2/angus-activation-2.0.2.jar:/Users/Jonathan/.m2/repository/org/glassfish/jaxb/txw2/4.0.5/txw2-4.0.5.jar:/Users/Jonathan/.m2/repository/com/sun/istack/istack-commons-runtime/4.1.2/istack-commons-runtime-4.1.2.jar:/Users/Jonathan/.m2/repository/jakarta/inject/jakarta.inject-api/2.0.1/jakarta.inject-api-2.0.1.jar:/Users/Jonathan/.m2/repository/org/antlr/antlr4-runtime/4.13.0/antlr4-runtime-4.13.0.jar:/Users/Jonathan/.m2/repository/org/springframework/boot/spring-boot-starter-web/3.3.3/spring-boot-starter-web-3.3.3.jar:/Users/Jonathan/.m2/repository/org/springframework/boot/spring-boot-starter/3.3.3/spring-boot-starter-3.3.3.jar:/Users/Jonathan/.m2/repository/org/springframework/boot/spring-boot-starter-logging/3.3.3/spring-boot-starter-logging-3.3.3.jar:/Users/Jonathan/.m2/repository/ch/qos/logback/logback-classic/1.5.7/logback-classic-1.5.7.jar:/Users/Jonathan/.m2/repository/ch/qos/logback/logback-core/1.5.7/logback-core-1.5.7.jar:/Users/Jonathan/.m2/repository/org/apache/logging/log4j/log4j-to-slf4j/2.23.1/log4j-to-slf4j-2.23.1.jar:/Users/Jonathan/.m2/repository/org/apache/logging/log4j/log4j-api/2.23.1/log4j-api-2.23.1.jar:/Users/Jonathan/.m2/repository/org/slf4j/jul-to-slf4j/2.0.16/jul-to-slf4j-2.0.16.jar:/Users/Jonathan/.m2/repository/org/yaml/snakeyaml/2.2/snakeyaml-2.2.jar:/Users/Jonathan/.m2/repository/org/springframework/boot/spring-boot-starter-json/3.3.3/spring-boot-starter-json-3.3.3.jar:/Users/Jonathan/.m2/repository/com/fasterxml/jackson/datatype/jackson-datatype-jdk8/2.17.2/jackson-datatype-jdk8-2.17.2.jar:/Users/Jonathan/.m2/repository/com/fasterxml/jackson/datatype/jackson-datatype-jsr310/2.17.2/jackson-datatype-jsr310-2.17.2.jar:/Users/Jonathan/.m2/repository/com/fasterxml/jackson/module/jackson-module-parameter-names/2.17.2/jackson-module-parameter-names-2.17.2.jar:/Users/Jonathan/.m2/repository/org/springframework/boot/spring-boot-starter-tomcat/3.3.3/spring-boot-starter-tomcat-3.3.3.jar:/Users/Jonathan/.m2/repository/org/apache/tomcat/embed/tomcat-embed-core/10.1.28/tomcat-embed-core-10.1.28.jar:/Users/Jonathan/.m2/repository/org/apache/tomcat/embed/tomcat-embed-websocket/10.1.28/tomcat-embed-websocket-10.1.28.jar:/Users/Jonathan/.m2/repository/org/springframework/spring-web/6.1.12/spring-web-6.1.12.jar:/Users/Jonathan/.m2/repository/io/micrometer/micrometer-observation/1.13.3/micrometer-observation-1.13.3.jar:/Users/Jonathan/.m2/repository/io/micrometer/micrometer-commons/1.13.3/micrometer-commons-1.13.3.jar:/Users/Jonathan/.m2/repository/org/springframework/spring-webmvc/6.1.12/spring-webmvc-6.1.12.jar:/Users/Jonathan/.m2/repository/org/springframework/spring-expression/6.1.12/spring-expression-6.1.12.jar:/Users/Jonathan/.m2/repository/org/powermock/powermock-api-mockito2/2.0.9/powermock-api-mockito2-2.0.9.jar:/Users/Jonathan/.m2/repository/org/powermock/powermock-api-support/2.0.9/powermock-api-support-2.0.9.jar:/Users/Jonathan/.m2/repository/org/powermock/powermock-reflect/2.0.9/powermock-reflect-2.0.9.jar:/Users/Jonathan/.m2/repository/net/bytebuddy/byte-buddy-agent/1.14.19/byte-buddy-agent-1.14.19.jar:/Users/Jonathan/.m2/repository/org/powermock/powermock-core/2.0.9/powermock-core-2.0.9.jar:/Users/Jonathan/.m2/repository/org/javassist/javassist/3.27.0-GA/javassist-3.27.0-GA.jar:/Users/Jonathan/.m2/repository/org/mockito/mockito-core/5.11.0/mockito-core-5.11.0.jar:/Users/Jonathan/.m2/repository/org/objenesis/objenesis/3.3/objenesis-3.3.jar:/Users/Jonathan/.m2/repository/org/powermock/powermock-module-junit4/2.0.9/powermock-module-junit4-2.0.9.jar:/Users/Jonathan/.m2/repository/org/powermock/powermock-module-junit4-common/2.0.9/powermock-module-junit4-common-2.0.9.jar:/Users/Jonathan/.m2/repository/junit/junit/4.13.2/junit-4.13.2.jar:/Users/Jonathan/.m2/repository/org/hamcrest/hamcrest-core/2.2/hamcrest-core-2.2.jar:/Users/Jonathan/.m2/repository/com/google/firebase/firebase-admin/9.3.0/firebase-admin-9.3.0.jar:/Users/Jonathan/.m2/repository/com/google/api-client/google-api-client/2.6.0/google-api-client-2.6.0.jar:/Users/Jonathan/.m2/repository/commons-codec/commons-codec/1.16.1/commons-codec-1.16.1.jar:/Users/Jonathan/.m2/repository/com/google/oauth-client/google-oauth-client/1.36.0/google-oauth-client-1.36.0.jar:/Users/Jonathan/.m2/repository/com/google/auth/google-auth-library-credentials/1.24.1/google-auth-library-credentials-1.24.1.jar:/Users/Jonathan/.m2/repository/com/google/http-client/google-http-client-gson/1.44.2/google-http-client-gson-1.44.2.jar:/Users/Jonathan/.m2/repository/com/google/http-client/google-http-client-apache-v2/1.44.2/google-http-client-apache-v2-1.44.2.jar:/Users/Jonathan/.m2/repository/org/apache/httpcomponents/httpcore/4.4.16/httpcore-4.4.16.jar:/Users/Jonathan/.m2/repository/org/apache/httpcomponents/httpclient/4.5.14/httpclient-4.5.14.jar:/Users/Jonathan/.m2/repository/com/google/api-client/google-api-client-gson/2.6.0/google-api-client-gson-2.6.0.jar:/Users/Jonathan/.m2/repository/com/google/http-client/google-http-client/1.44.2/google-http-client-1.44.2.jar:/Users/Jonathan/.m2/repository/com/google/code/findbugs/jsr305/3.0.2/jsr305-3.0.2.jar:/Users/Jonathan/.m2/repository/com/google/errorprone/error_prone_annotations/2.23.0/error_prone_annotations-2.23.0.jar:/Users/Jonathan/.m2/repository/com/google/j2objc/j2objc-annotations/2.8/j2objc-annotations-2.8.jar:/Users/Jonathan/.m2/repository/io/grpc/grpc-context/1.66.0/grpc-context-1.66.0.jar:/Users/Jonathan/.m2/repository/io/opencensus/opencensus-api/0.31.1/opencensus-api-0.31.1.jar:/Users/Jonathan/.m2/repository/io/opencensus/opencensus-contrib-http-util/0.31.1/opencensus-contrib-http-util-0.31.1.jar:/Users/Jonathan/.m2/repository/com/google/api/api-common/2.35.0/api-common-2.35.0.jar:/Users/Jonathan/.m2/repository/com/google/auto/value/auto-value-annotations/1.11.0/auto-value-annotations-1.11.0.jar:/Users/Jonathan/.m2/repository/javax/annotation/javax.annotation-api/1.3.2/javax.annotation-api-1.3.2.jar:/Users/Jonathan/.m2/repository/com/google/auth/google-auth-library-oauth2-http/1.24.1/google-auth-library-oauth2-http-1.24.1.jar:/Users/Jonathan/.m2/repository/com/google/cloud/google-cloud-storage/2.42.0/google-cloud-storage-2.42.0.jar:/Users/Jonathan/.m2/repository/com/google/guava/failureaccess/1.0.2/failureaccess-1.0.2.jar:/Users/Jonathan/.m2/repository/com/google/guava/listenablefuture/9999.0-empty-to-avoid-conflict-with-guava/listenablefuture-9999.0-empty-to-avoid-conflict-with-guava.jar:/Users/Jonathan/.m2/repository/com/google/http-client/google-http-client-jackson2/1.44.2/google-http-client-jackson2-1.44.2.jar:/Users/Jonathan/.m2/repository/com/google/apis/google-api-services-storage/v1-rev20240706-2.0.0/google-api-services-storage-v1-rev20240706-2.0.0.jar:/Users/Jonathan/.m2/repository/com/google/code/gson/gson/2.10.1/gson-2.10.1.jar:/Users/Jonathan/.m2/repository/com/google/cloud/google-cloud-core/2.42.0/google-cloud-core-2.42.0.jar:/Users/Jonathan/.m2/repository/com/google/cloud/google-cloud-core-http/2.42.0/google-cloud-core-http-2.42.0.jar:/Users/Jonathan/.m2/repository/com/google/http-client/google-http-client-appengine/1.44.2/google-http-client-appengine-1.44.2.jar:/Users/Jonathan/.m2/repository/com/google/api/gax-httpjson/2.52.0/gax-httpjson-2.52.0.jar:/Users/Jonathan/.m2/repository/com/google/cloud/google-cloud-core-grpc/2.42.0/google-cloud-core-grpc-2.42.0.jar:/Users/Jonathan/.m2/repository/com/google/api/gax/2.52.0/gax-2.52.0.jar:/Users/Jonathan/.m2/repository/com/google/api/gax-grpc/2.52.0/gax-grpc-2.52.0.jar:/Users/Jonathan/.m2/repository/io/grpc/grpc-inprocess/1.66.0/grpc-inprocess-1.66.0.jar:/Users/Jonathan/.m2/repository/io/grpc/grpc-alts/1.66.0/grpc-alts-1.66.0.jar:/Users/Jonathan/.m2/repository/io/grpc/grpc-grpclb/1.66.0/grpc-grpclb-1.66.0.jar:/Users/Jonathan/.m2/repository/org/conscrypt/conscrypt-openjdk-uber/2.5.2/conscrypt-openjdk-uber-2.5.2.jar:/Users/Jonathan/.m2/repository/io/grpc/grpc-auth/1.66.0/grpc-auth-1.66.0.jar:/Users/Jonathan/.m2/repository/com/google/api/grpc/proto-google-iam-v1/1.38.0/proto-google-iam-v1-1.38.0.jar:/Users/Jonathan/.m2/repository/com/google/protobuf/protobuf-java/3.25.4/protobuf-java-3.25.4.jar:/Users/Jonathan/.m2/repository/com/google/protobuf/protobuf-java-util/3.25.4/protobuf-java-util-3.25.4.jar:/Users/Jonathan/.m2/repository/io/grpc/grpc-core/1.66.0/grpc-core-1.66.0.jar:/Users/Jonathan/.m2/repository/com/google/android/annotations/4.1.1.4/annotations-4.1.1.4.jar:/Users/Jonathan/.m2/repository/org/codehaus/mojo/animal-sniffer-annotations/1.24/animal-sniffer-annotations-1.24.jar:/Users/Jonathan/.m2/repository/io/perfmark/perfmark-api/0.27.0/perfmark-api-0.27.0.jar:/Users/Jonathan/.m2/repository/io/grpc/grpc-protobuf/1.66.0/grpc-protobuf-1.66.0.jar:/Users/Jonathan/.m2/repository/io/grpc/grpc-protobuf-lite/1.66.0/grpc-protobuf-lite-1.66.0.jar:/Users/Jonathan/.m2/repository/com/google/api/grpc/proto-google-common-protos/2.43.0/proto-google-common-protos-2.43.0.jar:/Users/Jonathan/.m2/repository/org/threeten/threetenbp/1.6.9/threetenbp-1.6.9.jar:/Users/Jonathan/.m2/repository/com/google/api/grpc/proto-google-cloud-storage-v2/2.42.0-alpha/proto-google-cloud-storage-v2-2.42.0-alpha.jar:/Users/Jonathan/.m2/repository/com/google/api/grpc/grpc-google-cloud-storage-v2/2.42.0-alpha/grpc-google-cloud-storage-v2-2.42.0-alpha.jar:/Users/Jonathan/.m2/repository/com/google/api/grpc/gapic-google-cloud-storage-v2/2.42.0-alpha/gapic-google-cloud-storage-v2-2.42.0-alpha.jar:/Users/Jonathan/.m2/repository/io/opentelemetry/opentelemetry-sdk/1.37.0/opentelemetry-sdk-1.37.0.jar:/Users/Jonathan/.m2/repository/io/opentelemetry/opentelemetry-sdk-trace/1.37.0/opentelemetry-sdk-trace-1.37.0.jar:/Users/Jonathan/.m2/repository/io/opentelemetry/opentelemetry-sdk-logs/1.37.0/opentelemetry-sdk-logs-1.37.0.jar:/Users/Jonathan/.m2/repository/io/grpc/grpc-opentelemetry/1.66.0/grpc-opentelemetry-1.66.0.jar:/Users/Jonathan/.m2/repository/io/opentelemetry/opentelemetry-api/1.41.0/opentelemetry-api-1.41.0.jar:/Users/Jonathan/.m2/repository/io/opentelemetry/opentelemetry-context/1.37.0/opentelemetry-context-1.37.0.jar:/Users/Jonathan/.m2/repository/io/opentelemetry/opentelemetry-sdk-metrics/1.37.0/opentelemetry-sdk-metrics-1.37.0.jar:/Users/Jonathan/.m2/repository/io/opentelemetry/opentelemetry-api-incubator/1.41.0-alpha/opentelemetry-api-incubator-1.41.0-alpha.jar:/Users/Jonathan/.m2/repository/io/opentelemetry/opentelemetry-sdk-common/1.37.0/opentelemetry-sdk-common-1.37.0.jar:/Users/Jonathan/.m2/repository/io/opentelemetry/opentelemetry-sdk-extension-autoconfigure-spi/1.37.0/opentelemetry-sdk-extension-autoconfigure-spi-1.37.0.jar:/Users/Jonathan/.m2/repository/io/opentelemetry/semconv/opentelemetry-semconv/1.25.0-alpha/opentelemetry-semconv-1.25.0-alpha.jar:/Users/Jonathan/.m2/repository/com/google/cloud/opentelemetry/exporter-metrics/0.31.0/exporter-metrics-0.31.0.jar:/Users/Jonathan/.m2/repository/com/google/cloud/google-cloud-monitoring/3.49.0/google-cloud-monitoring-3.49.0.jar:/Users/Jonathan/.m2/repository/com/google/api/grpc/proto-google-cloud-monitoring-v3/3.49.0/proto-google-cloud-monitoring-v3-3.49.0.jar:/Users/Jonathan/.m2/repository/io/opencensus/opencensus-proto/0.2.0/opencensus-proto-0.2.0.jar:/Users/Jonathan/.m2/repository/commons-logging/commons-logging/1.2/commons-logging-1.2.jar:/Users/Jonathan/.m2/repository/com/google/cloud/opentelemetry/shared-resourcemapping/0.31.0/shared-resourcemapping-0.31.0.jar:/Users/Jonathan/.m2/repository/io/opentelemetry/contrib/opentelemetry-gcp-resources/1.37.0-alpha/opentelemetry-gcp-resources-1.37.0-alpha.jar:/Users/Jonathan/.m2/repository/com/google/cloud/opentelemetry/detector-resources-support/0.31.0/detector-resources-support-0.31.0.jar:/Users/Jonathan/.m2/repository/org/checkerframework/checker-qual/3.46.0/checker-qual-3.46.0.jar:/Users/Jonathan/.m2/repository/io/grpc/grpc-api/1.66.0/grpc-api-1.66.0.jar:/Users/Jonathan/.m2/repository/io/grpc/grpc-netty-shaded/1.66.0/grpc-netty-shaded-1.66.0.jar:/Users/Jonathan/.m2/repository/io/grpc/grpc-util/1.66.0/grpc-util-1.66.0.jar:/Users/Jonathan/.m2/repository/io/grpc/grpc-stub/1.66.0/grpc-stub-1.66.0.jar:/Users/Jonathan/.m2/repository/io/grpc/grpc-googleapis/1.66.0/grpc-googleapis-1.66.0.jar:/Users/Jonathan/.m2/repository/io/grpc/grpc-xds/1.66.0/grpc-xds-1.66.0.jar:/Users/Jonathan/.m2/repository/io/grpc/grpc-services/1.66.0/grpc-services-1.66.0.jar:/Users/Jonathan/.m2/repository/com/google/re2j/re2j/1.7/re2j-1.7.jar:/Users/Jonathan/.m2/repository/io/grpc/grpc-rls/1.66.0/grpc-rls-1.66.0.jar:/Users/Jonathan/.m2/repository/com/google/cloud/google-cloud-firestore/3.25.1/google-cloud-firestore-3.25.1.jar:/Users/Jonathan/.m2/repository/com/google/api/grpc/proto-google-cloud-firestore-v1/3.25.1/proto-google-cloud-firestore-v1-3.25.1.jar:/Users/Jonathan/.m2/repository/com/google/cloud/proto-google-cloud-firestore-bundle-v1/3.25.1/proto-google-cloud-firestore-bundle-v1-3.25.1.jar:/Users/Jonathan/.m2/repository/io/opentelemetry/instrumentation/opentelemetry-grpc-1.6/2.1.0-alpha/opentelemetry-grpc-1.6-2.1.0-alpha.jar:/Users/Jonathan/.m2/repository/io/opentelemetry/instrumentation/opentelemetry-instrumentation-api/2.1.0/opentelemetry-instrumentation-api-2.1.0.jar:/Users/Jonathan/.m2/repository/io/opentelemetry/opentelemetry-extension-incubator/1.35.0-alpha/opentelemetry-extension-incubator-1.35.0-alpha.jar:/Users/Jonathan/.m2/repository/io/opentelemetry/instrumentation/opentelemetry-instrumentation-api-incubator/2.1.0-alpha/opentelemetry-instrumentation-api-incubator-2.1.0-alpha.jar:/Users/Jonathan/.m2/repository/com/google/guava/guava/33.2.1-jre/guava-33.2.1-jre.jar:/Users/Jonathan/.m2/repository/org/slf4j/slf4j-api/2.0.16/slf4j-api-2.0.16.jar:/Users/Jonathan/.m2/repository/io/netty/netty-codec-http/4.1.112.Final/netty-codec-http-4.1.112.Final.jar:/Users/Jonathan/.m2/repository/io/netty/netty-common/4.1.112.Final/netty-common-4.1.112.Final.jar:/Users/Jonathan/.m2/repository/io/netty/netty-buffer/4.1.112.Final/netty-buffer-4.1.112.Final.jar:/Users/Jonathan/.m2/repository/io/netty/netty-codec/4.1.112.Final/netty-codec-4.1.112.Final.jar:/Users/Jonathan/.m2/repository/io/netty/netty-handler/4.1.112.Final/netty-handler-4.1.112.Final.jar:/Users/Jonathan/.m2/repository/io/netty/netty-resolver/4.1.112.Final/netty-resolver-4.1.112.Final.jar:/Users/Jonathan/.m2/repository/io/netty/netty-transport-native-unix-common/4.1.112.Final/netty-transport-native-unix-common-4.1.112.Final.jar:/Users/Jonathan/.m2/repository/io/netty/netty-transport/4.1.112.Final/netty-transport-4.1.112.Final.jar:/Users/Jonathan/.m2/repository/org/springframework/boot/spring-boot-devtools/3.3.3/spring-boot-devtools-3.3.3.jar:/Users/Jonathan/.m2/repository/org/springframework/boot/spring-boot/3.3.3/spring-boot-3.3.3.jar:/Users/Jonathan/.m2/repository/org/springframework/boot/spring-boot-autoconfigure/3.3.3/spring-boot-autoconfigure-3.3.3.jar:/Users/Jonathan/.m2/repository/com/mysql/mysql-connector-j/8.3.0/mysql-connector-j-8.3.0.jar:/Users/Jonathan/.m2/repository/org/springframework/boot/spring-boot-starter-validation/3.3.3/spring-boot-starter-validation-3.3.3.jar:/Users/Jonathan/.m2/repository/org/apache/tomcat/embed/tomcat-embed-el/10.1.28/tomcat-embed-el-10.1.28.jar:/Users/Jonathan/.m2/repository/org/hibernate/validator/hibernate-validator/8.0.1.Final/hibernate-validator-8.0.1.Final.jar:/Users/Jonathan/.m2/repository/jakarta/validation/jakarta.validation-api/3.0.2/jakarta.validation-api-3.0.2.jar:/Users/Jonathan/.m2/repository/org/projectlombok/lombok/1.18.34/lombok-1.18.34.jar:/Users/Jonathan/.m2/repository/org/springframework/boot/spring-boot-starter-test/3.3.3/spring-boot-starter-test-3.3.3.jar:/Users/Jonathan/.m2/repository/org/springframework/boot/spring-boot-test/3.3.3/spring-boot-test-3.3.3.jar:/Users/Jonathan/.m2/repository/org/springframework/boot/spring-boot-test-autoconfigure/3.3.3/spring-boot-test-autoconfigure-3.3.3.jar:/Users/Jonathan/.m2/repository/com/jayway/jsonpath/json-path/2.9.0/json-path-2.9.0.jar:/Users/Jonathan/.m2/repository/net/minidev/json-smart/2.5.1/json-smart-2.5.1.jar:/Users/Jonathan/.m2/repository/net/minidev/accessors-smart/2.5.1/accessors-smart-2.5.1.jar:/Users/Jonathan/.m2/repository/org/ow2/asm/asm/9.6/asm-9.6.jar:/Users/Jonathan/.m2/repository/org/assertj/assertj-core/3.25.3/assertj-core-3.25.3.jar:/Users/Jonathan/.m2/repository/org/awaitility/awaitility/4.2.2/awaitility-4.2.2.jar:/Users/Jonathan/.m2/repository/org/hamcrest/hamcrest/2.2/hamcrest-2.2.jar:/Users/Jonathan/.m2/repository/org/junit/jupiter/junit-jupiter/5.10.3/junit-jupiter-5.10.3.jar:/Users/Jonathan/.m2/repository/org/junit/jupiter/junit-jupiter-api/5.10.3/junit-jupiter-api-5.10.3.jar:/Users/Jonathan/.m2/repository/org/opentest4j/opentest4j/1.3.0/opentest4j-1.3.0.jar:/Users/Jonathan/.m2/repository/org/junit/platform/junit-platform-commons/1.10.3/junit-platform-commons-1.10.3.jar:/Users/Jonathan/.m2/repository/org/apiguardian/apiguardian-api/1.1.2/apiguardian-api-1.1.2.jar:/Users/Jonathan/.m2/repository/org/junit/jupiter/junit-jupiter-params/5.10.3/junit-jupiter-params-5.10.3.jar:/Users/Jonathan/.m2/repository/org/junit/jupiter/junit-jupiter-engine/5.10.3/junit-jupiter-engine-5.10.3.jar:/Users/Jonathan/.m2/repository/org/junit/platform/junit-platform-engine/1.10.3/junit-platform-engine-1.10.3.jar:/Users/Jonathan/.m2/repository/org/mockito/mockito-junit-jupiter/5.11.0/mockito-junit-jupiter-5.11.0.jar:/Users/Jonathan/.m2/repository/org/skyscreamer/jsonassert/1.5.3/jsonassert-1.5.3.jar:/Users/Jonathan/.m2/repository/com/vaadin/external/google/android-json/0.0.20131108.vaadin1/android-json-0.0.20131108.vaadin1.jar:/Users/Jonathan/.m2/repository/org/springframework/spring-core/6.1.12/spring-core-6.1.12.jar:/Users/Jonathan/.m2/repository/org/springframework/spring-jcl/6.1.12/spring-jcl-6.1.12.jar:/Users/Jonathan/.m2/repository/org/springframework/spring-test/6.1.12/spring-test-6.1.12.jar:/Users/Jonathan/.m2/repository/org/xmlunit/xmlunit-core/2.9.1/xmlunit-core-2.9.1.jar:/Users/Jonathan/.m2/repository/org/springframework/boot/spring-boot-starter-security/3.3.3/spring-boot-starter-security-3.3.3.jar:/Users/Jonathan/.m2/repository/org/springframework/spring-aop/6.1.12/spring-aop-6.1.12.jar:/Users/Jonathan/.m2/repository/org/springframework/security/spring-security-config/6.3.3/spring-security-config-6.3.3.jar:/Users/Jonathan/.m2/repository/org/springframework/security/spring-security-core/6.3.3/spring-security-core-6.3.3.jar:/Users/Jonathan/.m2/repository/org/springframework/security/spring-security-crypto/6.3.3/spring-security-crypto-6.3.3.jar:/Users/Jonathan/.m2/repository/org/springframework/security/spring-security-web/6.3.3/spring-security-web-6.3.3.jar:"/>
    <property name="sun.cpu.endian" value="little"/>
    <property name="user.home" value="/Users/Jonathan"/>
    <property name="user.language" value="en"/>
    <property name="java.specification.vendor" value="Oracle Corporation"/>
    <property name="java.version.date" value="2024-09-17"/>
    <property name="java.home" value="/opt/homebrew/Cellar/openjdk/23/libexec/openjdk.jdk/Contents/Home"/>
    <property name="file.separator" value="/"/>
    <property name="basedir" value="/Users/Jonathan/Desktop/demo 2"/>
    <property name="java.vm.compressedOopsMode" value="Zero based"/>
    <property name="line.separator" value="&#10;"/>
    <property name="java.vm.specification.vendor" value="Oracle Corporation"/>
    <property name="java.specification.name" value="Java Platform API Specification"/>
    <property name="FILE_LOG_CHARSET" value="UTF-8"/>
    <property name="java.awt.headless" value="true"/>
    <property name="apple.awt.application.name" value="ForkedBooter"/>
    <property name="surefire.real.class.path" value="/Users/Jonathan/Desktop/demo 2/target/surefire/surefirebooter-20240926200103387_3.jar"/>
    <property name="sun.management.compiler" value="HotSpot 64-Bit Tiered Compilers"/>
    <property name="ftp.nonProxyHosts" value="local|*.local|169.254/16|*.169.254/16"/>
    <property name="java.runtime.version" value="23"/>
    <property name="user.name" value="Jonathan"/>
    <property name="stdout.encoding" value="UTF-8"/>
    <property name="path.separator" value=":"/>
    <property name="os.version" value="15.0"/>
    <property name="java.runtime.name" value="OpenJDK Runtime Environment"/>
    <property name="file.encoding" value="UTF-8"/>
    <property name="java.vm.name" value="OpenJDK 64-Bit Server VM"/>
    <property name="java.vendor.version" value="Homebrew"/>
    <property name="localRepository" value="/Users/Jonathan/.m2/repository"/>
    <property name="java.vendor.url.bug" value="https://github.com/Homebrew/homebrew-core/issues"/>
    <property name="java.io.tmpdir" value="/var/folders/1g/kckl1tsx3ps7jr7sys1ky0780000gn/T/"/>
    <property name="com.zaxxer.hikari.pool_number" value="1"/>
    <property name="java.version" value="23"/>
    <property name="user.dir" value="/Users/Jonathan/Desktop/demo 2"/>
    <property name="os.arch" value="aarch64"/>
    <property name="java.vm.specification.name" value="Java Virtual Machine Specification"/>
    <property name="PID" value="49173"/>
    <property name="CONSOLE_LOG_CHARSET" value="UTF-8"/>
    <property name="native.encoding" value="UTF-8"/>
    <property name="java.library.path" value="/Users/Jonathan/Library/Java/Extensions:/Library/Java/Extensions:/Network/Library/Java/Extensions:/System/Library/Java/Extensions:/usr/lib/java:."/>
    <property name="java.vm.info" value="mixed mode, sharing"/>
    <property name="stderr.encoding" value="UTF-8"/>
    <property name="java.vendor" value="Homebrew"/>
    <property name="java.vm.version" value="23"/>
    <property name="sun.io.unicode.encoding" value="UnicodeBig"/>
    <property name="socksNonProxyHosts" value="local|*.local|169.254/16|*.169.254/16"/>
    <property name="java.class.version" value="67.0"/>
    <property name="LOGGED_APPLICATION_NAME" value="[demo] "/>
  </properties>
  <testcase name="contextLoads" classname="com.example.demo.DemoApplicationTests" time="0.329">
    <system-out><![CDATA[Standard Commons Logging discovery in action with spring-jcl: please remove commons-logging.jar from classpath in order to avoid potential conflicts
20:01:03.876 [main] INFO org.springframework.test.context.support.AnnotationConfigContextLoaderUtils -- Could not detect default configuration classes for test class [com.example.demo.DemoApplicationTests]: DemoApplicationTests does not declare any static, non-private, non-final, nested classes annotated with @Configuration.
20:01:03.944 [main] INFO org.springframework.boot.test.context.SpringBootTestContextBootstrapper -- Found @SpringBootConfiguration com.example.demo.DemoApplication for test class com.example.demo.DemoApplicationTests
20:01:04.019 [main] INFO org.springframework.boot.devtools.restart.RestartApplicationListener -- Restart disabled due to context in which it is running

  .   ____          _            __ _ _
 /\\ / ___'_ __ _ _(_)_ __  __ _ \ \ \ \
( ( )\___ | '_ | '_| | '_ \/ _` | \ \ \ \
 \\/  ___)| |_)| | | | | || (_| |  ) ) ) )
  '  |____| .__|_| |_|_| |_\__, | / / / /
 =========|_|==============|___/=/_/_/_/

 :: Spring Boot ::                (v3.3.3)

2024-09-26T20:01:04.133-04:00  INFO 49173 --- [demo] [           main] com.example.demo.DemoApplicationTests    : Starting DemoApplicationTests using Java 23 with PID 49173 (started by Jonathan in /Users/Jonathan/Desktop/demo 2)
2024-09-26T20:01:04.134-04:00  INFO 49173 --- [demo] [           main] com.example.demo.DemoApplicationTests    : No active profile set, falling back to 1 default profile: "default"
2024-09-26T20:01:04.374-04:00  INFO 49173 --- [demo] [           main] .s.d.r.c.RepositoryConfigurationDelegate : Bootstrapping Spring Data JPA repositories in DEFAULT mode.
2024-09-26T20:01:04.396-04:00  INFO 49173 --- [demo] [           main] .s.d.r.c.RepositoryConfigurationDelegate : Finished Spring Data repository scanning in 19 ms. Found 3 JPA repository interfaces.
2024-09-26T20:01:04.756-04:00  INFO 49173 --- [demo] [           main] o.hibernate.jpa.internal.util.LogHelper  : HHH000204: Processing PersistenceUnitInfo [name: default]
2024-09-26T20:01:04.779-04:00  INFO 49173 --- [demo] [           main] org.hibernate.Version                    : HHH000412: Hibernate ORM core version 6.6.0.Final
2024-09-26T20:01:04.793-04:00  INFO 49173 --- [demo] [           main] o.h.c.internal.RegionFactoryInitiator    : HHH000026: Second-level cache disabled
2024-09-26T20:01:04.943-04:00  INFO 49173 --- [demo] [           main] o.s.o.j.p.SpringPersistenceUnitInfo      : No LoadTimeWeaver setup: ignoring JPA class transformer
2024-09-26T20:01:04.957-04:00  INFO 49173 --- [demo] [           main] com.zaxxer.hikari.HikariDataSource       : HikariPool-1 - Starting...
2024-09-26T20:01:05.689-04:00  INFO 49173 --- [demo] [           main] com.zaxxer.hikari.pool.HikariPool        : HikariPool-1 - Added connection com.mysql.cj.jdbc.ConnectionImpl@4d065e1a
2024-09-26T20:01:05.692-04:00  INFO 49173 --- [demo] [           main] com.zaxxer.hikari.HikariDataSource       : HikariPool-1 - Start completed.
2024-09-26T20:01:05.755-04:00  WARN 49173 --- [demo] [           main] org.hibernate.orm.deprecation            : HHH90000025: MySQL8Dialect does not need to be specified explicitly using 'hibernate.dialect' (remove the property setting and it will be selected by default)
2024-09-26T20:01:05.756-04:00  WARN 49173 --- [demo] [           main] org.hibernate.orm.deprecation            : HHH90000026: MySQL8Dialect has been deprecated; use org.hibernate.dialect.MySQLDialect instead
2024-09-26T20:01:05.768-04:00  INFO 49173 --- [demo] [           main] org.hibernate.orm.connections.pooling    : HHH10001005: Database info:
	Database JDBC URL [Connecting through datasourcenull]
	Database driver: undefined/unknown
	Database version: 8.0
	Autocommit mode: undefined/unknown
	Isolation level: undefined/unknown
	Minimum pool size: undefined/unknown
	Maximum pool size: undefined/unknown
2024-09-26T20:01:06.246-04:00  INFO 49173 --- [demo] [           main] o.h.e.t.j.p.i.JtaPlatformInitiator       : HHH000489: No JTA platform available (set 'hibernate.transaction.jta.platform' to enable JTA platform integration)
2024-09-26T20:01:06.633-04:00  INFO 49173 --- [demo] [           main] j.LocalContainerEntityManagerFactoryBean : Initialized JPA EntityManagerFactory for persistence unit 'default'
2024-09-26T20:01:06.867-04:00  WARN 49173 --- [demo] [           main] JpaBaseConfiguration$JpaWebConfiguration : spring.jpa.open-in-view is enabled by default. Therefore, database queries may be performed during view rendering. Explicitly configure spring.jpa.open-in-view to disable this warning
2024-09-26T20:01:06.881-04:00  INFO 49173 --- [demo] [           main] r$InitializeUserDetailsManagerConfigurer : Global AuthenticationManager configured with UserDetailsService bean with name customUserDetailsService
2024-09-26T20:01:07.204-04:00  INFO 49173 --- [demo] [           main] com.example.demo.DemoApplicationTests    : Started DemoApplicationTests in 3.189 seconds (process running for 3.752)
]]></system-out>
    <system-err><![CDATA[WARNING: A Java agent has been loaded dynamically (/Users/Jonathan/.m2/repository/net/bytebuddy/byte-buddy-agent/1.14.19/byte-buddy-agent-1.14.19.jar)
WARNING: If a serviceability tool is in use, please run with -XX:+EnableDynamicAgentLoading to hide this warning
WARNING: If a serviceability tool is not in use, please run with -Djdk.instrument.traceUsage for more information
WARNING: Dynamic loading of agents will be disallowed by default in a future release
]]></system-err>
  </testcase>
</testsuite>